# JRE version: Java(TM) SE Runtime Environment (8.0_181-b13) (build 1.8.0_181-b13)
# Java VM: Java HotSpot(TM) 64-Bit Server VM (25.181-b13 mixed mode windows-amd64 compressed oops)
Heap:
 PSYoungGen      total 256512K, used 36671K [0x00000000ebb80000, 0x00000000fc400000, 0x0000000100000000)
  eden space 242176K, 14% used [0x00000000ebb80000,0x00000000edee7cd0,0x00000000fa800000)
  from space 14336K, 2% used [0x00000000fa800000,0x00000000fa868000,0x00000000fb600000)
  to   space 5632K, 0% used [0x00000000fbe80000,0x00000000fbe80000,0x00000000fc400000)
 ParOldGen       total 68608K, used 25951K [0x00000000c3200000, 0x00000000c7500000, 0x00000000ebb80000)
  object space 68608K, 37% used [0x00000000c3200000,0x00000000c4b57d10,0x00000000c7500000)
 Metaspace       used 58511K, capacity 60812K, committed 61016K, reserved 1101824K
  class space    used 7622K, capacity 8037K, committed 8064K, reserved 1048576K
GC Heap History (10 events):
Event: 12.779 GC heap before
{Heap before GC invocations=14 (full 2):
 PSYoungGen      total 160768K, used 160426K [0x00000000ebb80000, 0x00000000f9780000, 0x0000000100000000)
  eden space 148992K, 100% used [0x00000000ebb80000,0x00000000f4d00000,0x00000000f4d00000)
  from space 11776K, 97% used [0x00000000f4d00000,0x00000000f582ab70,0x00000000f5880000)
  to   space 13312K, 0% used [0x00000000f8a80000,0x00000000f8a80000,0x00000000f9780000)
 ParOldGen       total 47104K, used 15391K [0x00000000c3200000, 0x00000000c6000000, 0x00000000ebb80000)
  object space 47104K, 32% used [0x00000000c3200000,0x00000000c4107d88,0x00000000c6000000)
 Metaspace       used 51804K, capacity 53926K, committed 54232K, reserved 1095680K
  class space    used 6952K, capacity 7354K, committed 7424K, reserved 1048576K
Event: 12.822 GC heap after
Heap after GC invocations=14 (full 2):
 PSYoungGen      total 209408K, used 11652K [0x00000000ebb80000, 0x00000000f9800000, 0x0000000100000000)
  eden space 196096K, 0% used [0x00000000ebb80000,0x00000000ebb80000,0x00000000f7b00000)
  from space 13312K, 87% used [0x00000000f8a80000,0x00000000f95e1230,0x00000000f9780000)
  to   space 14848K, 0% used [0x00000000f7b00000,0x00000000f7b00000,0x00000000f8980000)
 ParOldGen       total 47104K, used 19020K [0x00000000c3200000, 0x00000000c6000000, 0x00000000ebb80000)
  object space 47104K, 40% used [0x00000000c3200000,0x00000000c44933a0,0x00000000c6000000)
 Metaspace       used 51804K, capacity 53926K, committed 54232K, reserved 1095680K
  class space    used 6952K, capacity 7354K, committed 7424K, reserved 1048576K
}
Event: 20.329 GC heap before
{Heap before GC invocations=15 (full 2):
 PSYoungGen      total 209408K, used 76765K [0x00000000ebb80000, 0x00000000f9800000, 0x0000000100000000)
  eden space 196096K, 33% used [0x00000000ebb80000,0x00000000efb161f0,0x00000000f7b00000)
  from space 13312K, 87% used [0x00000000f8a80000,0x00000000f95e1230,0x00000000f9780000)
  to   space 14848K, 0% used [0x00000000f7b00000,0x00000000f7b00000,0x00000000f8980000)
 ParOldGen       total 47104K, used 19020K [0x00000000c3200000, 0x00000000c6000000, 0x00000000ebb80000)
  object space 47104K, 40% used [0x00000000c3200000,0x00000000c44933a0,0x00000000c6000000)
 Metaspace       used 56628K, capacity 58818K, committed 58968K, reserved 1099776K
  class space    used 7578K, capacity 8002K, committed 8064K, reserved 1048576K
Event: 20.354 GC heap after
Heap after GC invocations=15 (full 2):
 PSYoungGen      total 210944K, used 7423K [0x00000000ebb80000, 0x00000000fcc80000, 0x0000000100000000)
  eden space 196096K, 0% used [0x00000000ebb80000,0x00000000ebb80000,0x00000000f7b00000)
  from space 14848K, 49% used [0x00000000f7b00000,0x00000000f823fe68,0x00000000f8980000)
  to   space 14336K, 0% used [0x00000000fbe80000,0x00000000fbe80000,0x00000000fcc80000)
 ParOldGen       total 47104K, used 23673K [0x00000000c3200000, 0x00000000c6000000, 0x00000000ebb80000)
  object space 47104K, 50% used [0x00000000c3200000,0x00000000c491e7e8,0x00000000c6000000)
 Metaspace       used 56628K, capacity 58818K, committed 58968K, reserved 1099776K
  class space    used 7578K, capacity 8002K, committed 8064K, reserved 1048576K
}
Event: 20.354 GC heap before
{Heap before GC invocations=16 (full 3):
 PSYoungGen      total 210944K, used 7423K [0x00000000ebb80000, 0x00000000fcc80000, 0x0000000100000000)
  eden space 196096K, 0% used [0x00000000ebb80000,0x00000000ebb80000,0x00000000f7b00000)
  from space 14848K, 49% used [0x00000000f7b00000,0x00000000f823fe68,0x00000000f8980000)
  to   space 14336K, 0% used [0x00000000fbe80000,0x00000000fbe80000,0x00000000fcc80000)
 ParOldGen       total 47104K, used 23673K [0x00000000c3200000, 0x00000000c6000000, 0x00000000ebb80000)
  object space 47104K, 50% used [0x00000000c3200000,0x00000000c491e7e8,0x00000000c6000000)
 Metaspace       used 56628K, capacity 58818K, committed 58968K, reserved 1099776K
  class space    used 7578K, capacity 8002K, committed 8064K, reserved 1048576K
Event: 20.654 GC heap after
Heap after GC invocations=16 (full 3):
 PSYoungGen      total 210944K, used 0K [0x00000000ebb80000, 0x00000000fcc80000, 0x0000000100000000)
  eden space 196096K, 0% used [0x00000000ebb80000,0x00000000ebb80000,0x00000000f7b00000)
  from space 14848K, 0% used [0x00000000f7b00000,0x00000000f7b00000,0x00000000f8980000)
  to   space 14336K, 0% used [0x00000000fbe80000,0x00000000fbe80000,0x00000000fcc80000)
 ParOldGen       total 68608K, used 25935K [0x00000000c3200000, 0x00000000c7500000, 0x00000000ebb80000)
  object space 68608K, 37% used [0x00000000c3200000,0x00000000c4b53d10,0x00000000c7500000)
 Metaspace       used 56615K, capacity 58794K, committed 58968K, reserved 1099776K
  class space    used 7576K, capacity 7998K, committed 8064K, reserved 1048576K
}
Event: 35.192 GC heap before
{Heap before GC invocations=17 (full 3):
 PSYoungGen      total 210944K, used 196096K [0x00000000ebb80000, 0x00000000fcc80000, 0x0000000100000000)
  eden space 196096K, 100% used [0x00000000ebb80000,0x00000000f7b00000,0x00000000f7b00000)
  from space 14848K, 0% used [0x00000000f7b00000,0x00000000f7b00000,0x00000000f8980000)
  to   space 14336K, 0% used [0x00000000fbe80000,0x00000000fbe80000,0x00000000fcc80000)
 ParOldGen       total 68608K, used 25935K [0x00000000c3200000, 0x00000000c7500000, 0x00000000ebb80000)
  object space 68608K, 37% used [0x00000000c3200000,0x00000000c4b53d10,0x00000000c7500000)
 Metaspace       used 58503K, capacity 60812K, committed 61016K, reserved 1101824K
  class space    used 7619K, capacity 8037K, committed 8064K, reserved 1048576K
Event: 35.203 GC heap after
Heap after GC invocations=17 (full 3):
 PSYoungGen      total 247808K, used 607K [0x00000000ebb80000, 0x00000000fc400000, 0x0000000100000000)
  eden space 242176K, 0% used [0x00000000ebb80000,0x00000000ebb80000,0x00000000fa800000)
  from space 5632K, 10% used [0x00000000fbe80000,0x00000000fbf17c88,0x00000000fc400000)
  to   space 14336K, 0% used [0x00000000fa800000,0x00000000fa800000,0x00000000fb600000)
 ParOldGen       total 68608K, used 25943K [0x00000000c3200000, 0x00000000c7500000, 0x00000000ebb80000)
  object space 68608K, 37% used [0x00000000c3200000,0x00000000c4b55d10,0x00000000c7500000)
 Metaspace       used 58503K, capacity 60812K, committed 61016K, reserved 1101824K
  class space    used 7619K, capacity 8037K, committed 8064K, reserved 1048576K
}
Event: 50.286 GC heap before
{Heap before GC invocations=18 (full 3):
 PSYoungGen      total 247808K, used 242783K [0x00000000ebb80000, 0x00000000fc400000, 0x0000000100000000)
  eden space 242176K, 100% used [0x00000000ebb80000,0x00000000fa800000,0x00000000fa800000)
  from space 5632K, 10% used [0x00000000fbe80000,0x00000000fbf17c88,0x00000000fc400000)
  to   space 14336K, 0% used [0x00000000fa800000,0x00000000fa800000,0x00000000fb600000)
 ParOldGen       total 68608K, used 25943K [0x00000000c3200000, 0x00000000c7500000, 0x00000000ebb80000)
  object space 68608K, 37% used [0x00000000c3200000,0x00000000c4b55d10,0x00000000c7500000)
 Metaspace       used 58509K, capacity 60812K, committed 61016K, reserved 1101824K
  class space    used 7621K, capacity 8037K, committed 8064K, reserved 1048576K
Event: 50.298 GC heap after
Heap after GC invocations=18 (full 3):
 PSYoungGen      total 256512K, used 416K [0x00000000ebb80000, 0x00000000fc400000, 0x0000000100000000)
  eden space 242176K, 0% used [0x00000000ebb80000,0x00000000ebb80000,0x00000000fa800000)
  from space 14336K, 2% used [0x00000000fa800000,0x00000000fa868000,0x00000000fb600000)
  to   space 5632K, 0% used [0x00000000fbe80000,0x00000000fbe80000,0x00000000fc400000)
 ParOldGen       total 68608K, used 25951K [0x00000000c3200000, 0x00000000c7500000, 0x00000000ebb80000)
  object space 68608K, 37% used [0x00000000c3200000,0x00000000c4b57d10,0x00000000c7500000)
 Metaspace       used 58509K, capacity 60812K, committed 61016K, reserved 1101824K
  class space    used 7621K, capacity 8037K, committed 8064K, reserved 1048576K
}

