# JRE version: Java(TM) SE Runtime Environment (8.0_181-b13) (build 1.8.0_181-b13)
# Java VM: Java HotSpot(TM) 64-Bit Server VM (25.181-b13 mixed mode windows-amd64 compressed oops)
Heap:
 PSYoungGen      total 194048K, used 43381K [0x00000000ebb80000, 0x00000000fce80000, 0x0000000100000000)
  eden space 182272K, 17% used [0x00000000ebb80000,0x00000000eda5da78,0x00000000f6d80000)
  from space 11776K, 99% used [0x00000000f6d80000,0x00000000f78ffa38,0x00000000f7900000)
  to   space 14336K, 0% used [0x00000000fc080000,0x00000000fc080000,0x00000000fce80000)
 ParOldGen       total 41472K, used 17386K [0x00000000c3200000, 0x00000000c5a80000, 0x00000000ebb80000)
  object space 41472K, 41% used [0x00000000c3200000,0x00000000c42fab88,0x00000000c5a80000)
 Metaspace       used 47385K, capacity 49224K, committed 49408K, reserved 1091584K
  class space    used 6306K, capacity 6649K, committed 6656K, reserved 1048576K
GC Heap History (10 events):
Event: 17.784 GC heap before
{Heap before GC invocations=9 (full 1):
 PSYoungGen      total 68608K, used 61952K [0x00000000ebb80000, 0x00000000f4580000, 0x0000000100000000)
  eden space 61952K, 100% used [0x00000000ebb80000,0x00000000ef800000,0x00000000ef800000)
  from space 6656K, 0% used [0x00000000ef800000,0x00000000ef800000,0x00000000efe80000)
  to   space 8704K, 0% used [0x00000000f3d00000,0x00000000f3d00000,0x00000000f4580000)
 ParOldGen       total 29696K, used 9176K [0x00000000c3200000, 0x00000000c4f00000, 0x00000000ebb80000)
  object space 29696K, 30% used [0x00000000c3200000,0x00000000c3af61a0,0x00000000c4f00000)
 Metaspace       used 24368K, capacity 25010K, committed 25088K, reserved 1071104K
  class space    used 3112K, capacity 3307K, committed 3328K, reserved 1048576K
Event: 17.793 GC heap after
Heap after GC invocations=9 (full 1):
 PSYoungGen      total 122368K, used 3340K [0x00000000ebb80000, 0x00000000f4080000, 0x0000000100000000)
  eden space 118784K, 0% used [0x00000000ebb80000,0x00000000ebb80000,0x00000000f2f80000)
  from space 3584K, 93% used [0x00000000f3d00000,0x00000000f4043098,0x00000000f4080000)
  to   space 8704K, 0% used [0x00000000f2f80000,0x00000000f2f80000,0x00000000f3800000)
 ParOldGen       total 29696K, used 9248K [0x00000000c3200000, 0x00000000c4f00000, 0x00000000ebb80000)
  object space 29696K, 31% used [0x00000000c3200000,0x00000000c3b081b0,0x00000000c4f00000)
 Metaspace       used 24368K, capacity 25010K, committed 25088K, reserved 1071104K
  class space    used 3112K, capacity 3307K, committed 3328K, reserved 1048576K
}
Event: 21.839 GC heap before
{Heap before GC invocations=10 (full 1):
 PSYoungGen      total 122368K, used 122124K [0x00000000ebb80000, 0x00000000f4080000, 0x0000000100000000)
  eden space 118784K, 100% used [0x00000000ebb80000,0x00000000f2f80000,0x00000000f2f80000)
  from space 3584K, 93% used [0x00000000f3d00000,0x00000000f4043098,0x00000000f4080000)
  to   space 8704K, 0% used [0x00000000f2f80000,0x00000000f2f80000,0x00000000f3800000)
 ParOldGen       total 29696K, used 9248K [0x00000000c3200000, 0x00000000c4f00000, 0x00000000ebb80000)
  object space 29696K, 31% used [0x00000000c3200000,0x00000000c3b081b0,0x00000000c4f00000)
 Metaspace       used 29657K, capacity 30632K, committed 30720K, reserved 1075200K
  class space    used 3809K, capacity 4059K, committed 4096K, reserved 1048576K
Event: 21.858 GC heap after
Heap after GC invocations=10 (full 1):
 PSYoungGen      total 127488K, used 8689K [0x00000000ebb80000, 0x00000000f8380000, 0x0000000100000000)
  eden space 118784K, 0% used [0x00000000ebb80000,0x00000000ebb80000,0x00000000f2f80000)
  from space 8704K, 99% used [0x00000000f2f80000,0x00000000f37fc5c8,0x00000000f3800000)
  to   space 10752K, 0% used [0x00000000f7900000,0x00000000f7900000,0x00000000f8380000)
 ParOldGen       total 29696K, used 11720K [0x00000000c3200000, 0x00000000c4f00000, 0x00000000ebb80000)
  object space 29696K, 39% used [0x00000000c3200000,0x00000000c3d72330,0x00000000c4f00000)
 Metaspace       used 29657K, capacity 30632K, committed 30720K, reserved 1075200K
  class space    used 3809K, capacity 4059K, committed 4096K, reserved 1048576K
}
Event: 23.724 GC heap before
{Heap before GC invocations=11 (full 1):
 PSYoungGen      total 127488K, used 83366K [0x00000000ebb80000, 0x00000000f8380000, 0x0000000100000000)
  eden space 118784K, 62% used [0x00000000ebb80000,0x00000000f046d4f0,0x00000000f2f80000)
  from space 8704K, 99% used [0x00000000f2f80000,0x00000000f37fc5c8,0x00000000f3800000)
  to   space 10752K, 0% used [0x00000000f7900000,0x00000000f7900000,0x00000000f8380000)
 ParOldGen       total 29696K, used 11720K [0x00000000c3200000, 0x00000000c4f00000, 0x00000000ebb80000)
  object space 29696K, 39% used [0x00000000c3200000,0x00000000c3d72330,0x00000000c4f00000)
 Metaspace       used 33864K, capacity 35308K, committed 35456K, reserved 1079296K
  class space    used 4343K, capacity 4655K, committed 4736K, reserved 1048576K
Event: 23.751 GC heap after
Heap after GC invocations=11 (full 1):
 PSYoungGen      total 193024K, used 9258K [0x00000000ebb80000, 0x00000000f8480000, 0x0000000100000000)
  eden space 182272K, 0% used [0x00000000ebb80000,0x00000000ebb80000,0x00000000f6d80000)
  from space 10752K, 86% used [0x00000000f7900000,0x00000000f820ab40,0x00000000f8380000)
  to   space 11776K, 0% used [0x00000000f6d80000,0x00000000f6d80000,0x00000000f7900000)
 ParOldGen       total 29696K, used 13298K [0x00000000c3200000, 0x00000000c4f00000, 0x00000000ebb80000)
  object space 29696K, 44% used [0x00000000c3200000,0x00000000c3efc9d8,0x00000000c4f00000)
 Metaspace       used 33864K, capacity 35308K, committed 35456K, reserved 1079296K
  class space    used 4343K, capacity 4655K, committed 4736K, reserved 1048576K
}
Event: 23.751 GC heap before
{Heap before GC invocations=12 (full 2):
 PSYoungGen      total 193024K, used 9258K [0x00000000ebb80000, 0x00000000f8480000, 0x0000000100000000)
  eden space 182272K, 0% used [0x00000000ebb80000,0x00000000ebb80000,0x00000000f6d80000)
  from space 10752K, 86% used [0x00000000f7900000,0x00000000f820ab40,0x00000000f8380000)
  to   space 11776K, 0% used [0x00000000f6d80000,0x00000000f6d80000,0x00000000f7900000)
 ParOldGen       total 29696K, used 13298K [0x00000000c3200000, 0x00000000c4f00000, 0x00000000ebb80000)
  object space 29696K, 44% used [0x00000000c3200000,0x00000000c3efc9d8,0x00000000c4f00000)
 Metaspace       used 33864K, capacity 35308K, committed 35456K, reserved 1079296K
  class space    used 4343K, capacity 4655K, committed 4736K, reserved 1048576K
Event: 23.891 GC heap after
Heap after GC invocations=12 (full 2):
 PSYoungGen      total 193024K, used 0K [0x00000000ebb80000, 0x00000000f8480000, 0x0000000100000000)
  eden space 182272K, 0% used [0x00000000ebb80000,0x00000000ebb80000,0x00000000f6d80000)
  from space 10752K, 0% used [0x00000000f7900000,0x00000000f7900000,0x00000000f8380000)
  to   space 11776K, 0% used [0x00000000f6d80000,0x00000000f6d80000,0x00000000f7900000)
 ParOldGen       total 41472K, used 14930K [0x00000000c3200000, 0x00000000c5a80000, 0x00000000ebb80000)
  object space 41472K, 36% used [0x00000000c3200000,0x00000000c4094ab0,0x00000000c5a80000)
 Metaspace       used 33864K, capacity 35308K, committed 35456K, reserved 1079296K
  class space    used 4343K, capacity 4655K, committed 4736K, reserved 1048576K
}
Event: 30.003 GC heap before
{Heap before GC invocations=13 (full 2):
 PSYoungGen      total 193024K, used 182272K [0x00000000ebb80000, 0x00000000f8480000, 0x0000000100000000)
  eden space 182272K, 100% used [0x00000000ebb80000,0x00000000f6d80000,0x00000000f6d80000)
  from space 10752K, 0% used [0x00000000f7900000,0x00000000f7900000,0x00000000f8380000)
  to   space 11776K, 0% used [0x00000000f6d80000,0x00000000f6d80000,0x00000000f7900000)
 ParOldGen       total 41472K, used 14930K [0x00000000c3200000, 0x00000000c5a80000, 0x00000000ebb80000)
  object space 41472K, 36% used [0x00000000c3200000,0x00000000c4094ab0,0x00000000c5a80000)
 Metaspace       used 46219K, capacity 47992K, committed 48256K, reserved 1091584K
  class space    used 6148K, capacity 6505K, committed 6528K, reserved 1048576K
Event: 30.028 GC heap after
Heap after GC invocations=13 (full 2):
 PSYoungGen      total 194048K, used 11774K [0x00000000ebb80000, 0x00000000fce80000, 0x0000000100000000)
  eden space 182272K, 0% used [0x00000000ebb80000,0x00000000ebb80000,0x00000000f6d80000)
  from space 11776K, 99% used [0x00000000f6d80000,0x00000000f78ffa38,0x00000000f7900000)
  to   space 14336K, 0% used [0x00000000fc080000,0x00000000fc080000,0x00000000fce80000)
 ParOldGen       total 41472K, used 17386K [0x00000000c3200000, 0x00000000c5a80000, 0x00000000ebb80000)
  object space 41472K, 41% used [0x00000000c3200000,0x00000000c42fab88,0x00000000c5a80000)
 Metaspace       used 46219K, capacity 47992K, committed 48256K, reserved 1091584K
  class space    used 6148K, capacity 6505K, committed 6528K, reserved 1048576K
}

